{"/Volumes/T7/Work/Betfair/betfair-exchange/src/auth/constants.ts": {"path":"/Volumes/T7/Work/Betfair/betfair-exchange/src/auth/constants.ts","statementMap":{"0":{"start":{"line":3,"column":66},"end":{"line":44,"column":1}}},"fnMap":{},"branchMap":{},"s":{"0":1},"f":{},"b":{},"_coverageSchema":"1a1c01bbd47fc00a2c39e90264f33305004495a9","hash":"5354f1952a9e2c8a35f79f19828fc8eb6ac14459"}
,"/Volumes/T7/Work/Betfair/betfair-exchange/src/auth/index.ts": {"path":"/Volumes/T7/Work/Betfair/betfair-exchange/src/auth/index.ts","statementMap":{"0":{"start":{"line":7,"column":17},"end":{"line":7,"column":69}},"1":{"start":{"line":9,"column":28},"end":{"line":46,"column":1}},"2":{"start":{"line":17,"column":19},"end":{"line":34,"column":4}},"3":{"start":{"line":36,"column":2},"end":{"line":36,"column":78}},"4":{"start":{"line":36,"column":20},"end":{"line":36,"column":78}},"5":{"start":{"line":38,"column":40},"end":{"line":38,"column":61}},"6":{"start":{"line":40,"column":2},"end":{"line":40,"column":53}},"7":{"start":{"line":40,"column":33},"end":{"line":40,"column":53}},"8":{"start":{"line":42,"column":2},"end":{"line":45,"column":6}}},"fnMap":{"0":{"name":"(anonymous_0)","decl":{"start":{"line":9,"column":28},"end":{"line":9,"column":29}},"loc":{"start":{"line":16,"column":35},"end":{"line":46,"column":1}},"line":16}},"branchMap":{"0":{"loc":{"start":{"line":36,"column":2},"end":{"line":36,"column":78}},"type":"if","locations":[{"start":{"line":36,"column":2},"end":{"line":36,"column":78}},{"start":{"line":36,"column":2},"end":{"line":36,"column":78}}],"line":36},"1":{"loc":{"start":{"line":40,"column":2},"end":{"line":40,"column":53}},"type":"if","locations":[{"start":{"line":40,"column":2},"end":{"line":40,"column":53}},{"start":{"line":40,"column":2},"end":{"line":40,"column":53}}],"line":40}},"s":{"0":1,"1":1,"2":1,"3":1,"4":0,"5":1,"6":1,"7":1,"8":0},"f":{"0":1},"b":{"0":[0,1],"1":[1,0]},"_coverageSchema":"1a1c01bbd47fc00a2c39e90264f33305004495a9","hash":"32ae71b9e96ef79923918897c03d5bd45d28ed1c"}
}
